<?xml version="1.0" encoding="UTF-8"?>
<testng-results ignored="0" total="1" passed="1" failed="0" skipped="0">
  <reporter-output>
  </reporter-output>
  <suite started-at="2022-03-12T09:35:22Z" name="Default suite" finished-at="2022-03-12T09:35:27Z" duration-ms="4359">
    <groups>
    </groups>
    <test started-at="2022-03-12T09:35:22Z" name="Default test" finished-at="2022-03-12T09:35:27Z" duration-ms="4359">
      <class name="PackageTestLog.TestLogin">
        <test-method signature="loginTest()[pri:0, instance:PackageTestLog.TestLogin@35dab4eb]" started-at="2022-03-12T09:35:22Z" name="loginTest" finished-at="2022-03-12T09:35:27Z" duration-ms="4343" status="PASS">
          <reporter-output>
          </reporter-output>
        </test-method> <!-- loginTest -->
      </class> <!-- PackageTestLog.TestLogin -->
    </test> <!-- Default test -->
  </suite> <!-- Default suite -->
</testng-results>
